21
0
0
25
34
7
31
1
191
0
0
0
0
10
18
0
4
26
5
46
0
150
42
5
1
7
42
16
18
14
0
10
1
0
10
50
16
80
0
0
114
11
40
0
7
100
28
0
32
1
68
0
20
17
0
79
0
21
25
0
36
76
12
0
60
10
255
1
80
0
62
127
5
30
36
60
70
50
39
29
0
4
60
0
0
7
118
0
0
182
37
24
63
32
74
7
32
7
174
7
0
18
30
1
7
106
60
0
7
44
30
98
0
4
17
54
0
0
8
1
0
102
1
78
20
0
2
10
10
18
34
174
1
16
20
30
2
4
3
102
34
1
1
11
2
5
3
102
56
36
0
10
84
88
17
10
78
28
7
11
16
0
0
1
0
32
90
1
0
2
168
64
2
1
0
0
32
8
0
62
1
114
94
11
2
76
7
0
207
5
0
82
11
13
22
8
0
22
0
2
18
42
17
25
0
0
54
7
3
2
1
0
230
32
0
2
18
19
50
24
3
4
4
19
4
0
18
4
101
4
50
0
0
7
0
86
34
0
0
78
70
168
0
11
18
32
7
22
24
38
56
60
66
0
18
159
4
12
78
102
0
46
0
6
1
0
74
0
114
0
7
100
14
0
2
38
3
0
1
211
34
37
4
60
162
143
0
3
1
68
5
0
122
100
13
108
0
0
1
0
7
56
114
34
95
34
82
3
17
16
0
42
32
0
191
1
30
1
18
2
39
102
3
16
38
26
2
1
13
16
122
1
7
0
2
16
59
86
106
112
7
82
214
0
8
44
0
3
126
56
17
17
8
30
1
7
54
1
56
36
78
44
2
0
25
52
25
18
5
50
206
114
0
150
50
18
14
32
12
134
8
38
0
50
32
2
0
44
53
74
4
1
1
44
84
4
60
17
98
36
134
42
8
46
14
0
0
1
0
2
54
134
70
8
90
138
0
11
0
56
0
86
3
238
83
28
8
4
7
99
78
0
127
206
7
60
86
8
0
18
1
42
146
20
26
1
126
18
102
10
0
38
11
38
8
0
102
3
16
3
7
34
0
159
0
16
0
14
25
12
4
7
56
50
100
90
0
4
7
118
175
7
11
5
26
76
94
80
3
50
14
0
20
50
0
56
1
1
114
0
78
0
10
2
0
5
68
106
2
8
0
146
60
60
90
94
98
118
0
131
50
38
134
118
28
5
78
1
4
0
144
60
2
25
0
150
78
7
30
1
88
34
0
0
7
0
18
30
182
122
0
5
0
4
4
24
10
18
1
7
3
17
2
92
20
16
46
3
182
0
131
0
36
56
1
0
152
36
63
1
5
28
62
82
21
0
16
78
151
4
18
3
102
126
78
34
1
18
1
25
18
7
32
223
46
84
78
3
16
0
3
34
90
36
2
2
143
78
1
0
0
28
3
0
110
16
3
0
0
0
7
18
100
94
5
48
68
24
42
150
78
18
0
56
3
0
38
0
0
17
2
0
0
11
110
21
4
18
0
207
70
18
0
0
88
0
131
34
42
17
0
86
13
83
103
16
82
0
63
17
17
8
86
1
1
0
32
13
0
4
104
17
0
214
66
5
34
0
58
3
11
2
118
3
150
17
10
102
0
6
160
12
5
142
74
17
0
52
50
28
68
130
4
28
96
1
66
54
0
5
0
0
0
100
0
2
3
8
29
34
13
0
7
76
0
8
26
59
0
119
63
18
24
222
62
0
14
2
18
29
60
18
0
50
0
0
7
0
5
28
10
4
2
2
2
11
0
30
78
24
55
28
5
0
16
0
0
0
12
86
8
4
22
12
0
16
0
21
32
5
3
38
32
70
223
0
18
0
1
0
4
90
4
56
3
0
0
14
136
4
44
135
0
2
18
3
0
3
4
0
82
4
0
102
18
122
50
0
0
16
182
94
90
50
118
3
34
2
0
0
106
35
4
58
0
34
5
10
2
0
0
142
108
48
46
94
4
75
8
116
32
11
0
5
0
80
50
40
0
47
182
159
0
0
24
29
0
0
1
18
34
0
0
17
3
54
26
127
17
3
182
0
143
0
0
0
118
1
1
82
82
54
7
223
0
100
120
30
40
106
17
0
46
46
4
86
38
38
0
90
11
54
139
42
98
7
14
1
32
0
3
0
38
34
1
1
1
0
146
7
3
0
2
22
6
11
38
78
7
3
2
11
68
1
0
0
11
17
70
0
60
25
2
1
12
44
2
182
56
0
118
0
10
0
29
86
14
5
10
0
0
11
11
58
5
25
1
29
167
32
