6862987
4469857
4932309
6909053
4247936
6795398
5418020
4633454
8893247
6877416
5294085
5508518
4276896
7594521
3537292
5999896
4560502
9987631
5332882
4322404
6854862
5929997
8257814
6696204
5355908
4924301
5261053
4552722
6233991
7135427
3561714
3400208
6420819
4686652
6253236
3767826
7358934
6348740
3551904
7508560
7023136
6440019
3623469
5084078
4215370
3801217
5655872
4257813
6150006
7111763
6150058
3268805
6136219
4587588
4915766
8245253
4008087
5965566
6014697
3772658
5828392
6156833
6637806
3778341
5941768
4843763
6147141
4552904
6625274
4180421
5542520
8696797
7005326
5383977
3963987
4423660
4759782
3101730
4719617
3952356
5293436
8104937
6858736
5378249
6055216
5190833
5872467
5088659
7330559
7392986
5547461
7853011
4179471
6008575
8069785
7734289
5978258
7030776
6969864
4605301
4928829
4037973
8147881
4867676
6669619
5228884
4581519
5498810
5819605
5947195
5392483
8587413
7274762
5643239
3882086
6995246
5672556
6906835
5965706
5786444
5206212
3176799
3820913
4709281
6288739
6159956
4852714
3756426
3568133
5970082
5407041
5463449
7036201
5472681
6007776
6170768
6470349
7276736
5131937
3394860
7278755
5584598
6470885
12168184
6536801
3949231
6668232
4491442
6416828
6199076
5329793
3609404
3180593
5155023
8211310
4984259
5629816
5655311
6938198
6068549
9102475
7136761
4238706
5930200
5474030
7480498
7129610
6577437
5188124
7496420
6691793
7564917
8285255
4673946
4764775
5886273
7887153
7246576
6190878
5463419
4275119
5186279
2913945
5406284
4227729
2697900
5699475
4051866
5691967
5951950
9003998
6070301
7197501
5246409
5483607
4831480
4578136
5460854
5344297
5254339
3154006
7216083
8067179
4855645
4488056
5193149
5443868
5533928
4418264
7910938
5557727
6128219
5397745
7508508
6501032
6588076
7616084
3945042
4789303
8582193
7856056
5769836
4359932
5031133
4553187
5426210
6232631
6215125
4681587
4571810
6623655
8184894
5937532
4796290
4237697
4020159
7882948
7496620
4016415
3897760
4726317
4744026
6933334
9985079
3671792
6225452
4954109
4763478
4031036
3500206
6768298
6281265
7133222
7795056
5922602
4998108
4768867
5874135
6227413
5109848
6427898
6700515
4648870
9324379
3275704
5042894
4159128
4611550
6726220
4141295
4481732
5881964
5801034
6013192
6696394
5187597
4552772
4873615
3811128
3893066
4445236
5060658
6847472
6520741
4624636
6655204
8245165
5647003
5612489
7853227
4857510
3850561
3492411
4911851
4467267
9552074
4241412
7701014
8159278
5804534
6598364
4324069
6175461
4644128
5707411
4348696
7678854
6766675
4527895
5864358
3893716
5564084
4313078
3073320
4835797
4350506
5655072
5963654
4312447
7469791
5626879
8064621
7890005
4307969
5289723
6059279
6137300
4198588
7162263
4751658
5069280
7152999
2953107
4319916
8720724
5686398
8441706
4050657
4888420
4756476
7909411
5770579
7356438
5534425
8797330
3533035
5613480
10016560
6153818
4270979
7641648
5527806
7000622
7422667
7711622
7103046
5661496
5905493
5763261
7728525
5155400
5049877
5164308
7530324
5193225
4575330
10345010
6568639
4216213
4886356
5238341
4531175
6649427
7770101
7099970
4991612
5420993
7628886
8155396
5786627
5541293
5488060
5394603
5204420
5904230
4827381
5178225
6177558
7698589
4528952
5022633
4861252
8916747
8057755
6793412
5541256
7217539
5226318
4475014
5917761
3531331
3731809
6652248
5089204
7748549
4022560
4935126
5574173
7342683
5277969
4230351
5695402
8140586
6088872
5242531
7285625
5489471
5215319
7105275
5675818
8857117
6243985
4990536
6310834
3712729
5011983
3817727
4170984
6951594
6309338
4228933
9207359
7906533
7743039
4853312
3070342
5738127
5001957
7911051
3826164
4980367
5781183
5486168
3875662
4722931
4116279
6357877
6063086
7810539
4838994
3396014
8076959
3980351
5369859
7473722
5841288
7324142
6314338
5298318
6380217
4150252
4811487
5539942
3866355
4972925
5707141
5978265
6108345
4550196
5816157
6223618
4648152
4515563
5699052
4589368
5512333
6706978
5811186
6190243
3689876
5832866
4571251
4348209
7547325
6056426
6963381
5243397
6812087
5396726
4178103
3498955
6215979
5468378
7026649
5471588
3919935
4823835
6704082
3759932
4904830
5737092
9186001
2581931
6888849
5261692
7101820
8654537
4377947
6035436
4384186
4585992
5530292
4602410
5959135
5445937
7177095
6749996
7807601
6878963
5534699
4885820
5549116
6028581
7166738
6549817
5766358
5823736
6579846
5360441
5627762
6867298
4368649
6623625
8021236
9078848
4594083
3808859
6478068
7965235
7582145
6560033
5104393
4440409
3454028
6477773
5947643
5091304
5668684
6700860
5347008
5834714
4985118
9713689
4323868
7374233
5979250
3878443
6182942
6696937
4129548
5127128
5506309
6528520
4867357
5088936
6456007
6473175
5270666
3318649
5544605
4637070
8878429
3488062
8526984
5485480
6329172
6304704
6582265
5552822
5393223
4572334
7718456
4558967
8541210
5676174
7306076
7352433
4359385
5616421
6962978
4675069
7868419
4803387
6612349
5588200
7179767
6784296
5092705
6206130
4426590
5655996
5913593
5558265
6803039
5134153
4250360
5078287
6342799
6826697
5729224
6791306
4975940
4445699
9717330
5308665
5656322
7268592
5075995
5493466
9211290
8158945
7157345
3912145
6863765
6980696
10446708
6319106
4192786
4796062
4625044
5738839
5191760
5625743
7222532
8006954
4124309
7157613
5767625
3472025
3925286
5098590
6199402
5166105
6495624
5212073
8717739
6136750
5467630
6315378
7866511
6071412
7443560
7434622
7631160
5241169
5982512
4853245
5574371
4166047
7457374
4913000
8695150
5801258
6364928
6856717
5567152
6683839
7446430
6098331
5218823
4644192
5717195
3646652
4865437
3924862
6085741
3904677
7332204
5497445
6505185
3807013
6028617
6068224
5224282
5533856
6811302
6091290
6258419
6022196
4729634
6661242
4345845
5913527
4949575
6733142
4696138
4426643
5283868
6909932
4957338
7178203
3955176
4050052
4730536
6142484
5913469
6475169
4523346
3098951
6619646
5010252
4515298
5406408
11182458
6755673
5258535
6502299
8322856
4833834
5313554
4831500
6150888
8615815
5808124
5497818
5367196
3615542
4254153
4096253
5226746
4581332
6437138
6252331
4988989
5238320
4009912
5504286
5928437
6677383
8501362
7520610
6858745
4739479
9209839
4505684
8087095
7200751
5185301
4529697
4993483
5869528
5952996
7938760
6428257
7686404
5096633
4667538
5030632
7358525
4865094
5209423
5678961
5219815
6214171
4980903
4019171
4270465
5307082
4696143
8232510
6088546
7386351
5003531
6326820
5891459
3877636
7032757
5369691
6425294
5887113
6698712
5813613
6328292
4877715
6600988
5289034
5109422
6590941
5246058
5332829
8495661
5168975
5381595
7333678
5513106
4452079
4986919
6706433
4363389
4819047
6934933
5598961
7153541
8052985
4221038
5072828
4967182
5025009
5846746
6498293
4153017
5580789
7317084
5717645
4011251
7802966
4733076
5602805
6229749
6129048
5859439
6410852
6451019
5408401
6031929
8985233
4172721
3684188
4697523
3165799
10036667
4274751
4496753
8132560
3640741
6220110
7011099
4413802
3360869
6366493
4431582
8700344
4836926
6676182
5364502
4744065
6147299
4616494
5654641
5674822
4402689
7440977
4119366
6408907
6065840
5691690
7385104
5818875
5749254
7201575
6877370
7593208
6489897
5275141
6726475
4698094
4673778
3630337
5804507
4521726
5165003
5417312
7128595
5659823
4859750
4571348
8239905
5287552
4422458
3321403
4101706
5397587
5154000
8138889
3915927
6786213
4931960
6337807
4068839
5016761
4456167
5855122
5542890
4917468
5378517
5071122
5858167
4034067
8819778
5493022
5837044
5715220
7238974
6884739
4838124
7606493
3920344
4096843
5172059
4336635
4433144
3908814
7881459
9040173
7790117
8834867
6539611
4123908
4374591
4892284
4168697
6015820
3750257
4962633
4055503
6520759
5231753
5626895
3553555
3900102
6203624
5667041
5410480
4747263
7453914
7165154
5929211
7291943
4030010
5565607
8418989
6764114
5208807
4577414
5890526
6426534
7173056
4671105
6578350
7688408
7314492
4361989
7080006
6491991
5777530
6400868
6888201
6256298
4757583
4411807
6932921
6785819
5583300
5083493
7530106
6248290
4740551
4424595
5627076
5104255
3384790
4864887
8457990
3878670
6502185
6008116
4915459
5776474
4712302
4919535
6326674
5910239
4384103
6196217
7390038
6584581
5005703
4164757
4383948
7720639
7165230
4062998
4048835
7587258
5348410
4853453
5630490
6169404
4670748
8427389
