145168866
568330922
271524841
630110033
303462496
748226605
630603884
294420789
786730103
617238089
673751296
639798677
162617069
952182377
441228285
922064469
40198367
254764704
979356285
145350807
400025838
887009350
520173995
531465753
401030595
240165422
494354512
496311478
781235300
896975603
354249870
613514220
570185504
780775612
354939524
301919718
200003935
61096727
112244998
795825647
364705455
891951234
572036150
516394083
370487028
764378802
84195376
404463168
902808224
109101079
880706077
787481883
898524456
10887587
548537013
775145284
799133572
69813135
221877454
794800032
137676833
85248703
302671276
392356843
759385373
998259734
494178990
87860011
183529267
632426660
559336001
987326105
816197157
881651840
576272949
620453710
175573892
780602438
37615809
267814957
409389049
965967239
362093116
618988112
729550999
555308012
431383986
369330621
57377554
202557380
417307309
519539840
669568572
445384336
622796848
295990815
56778772
860225580
165956024
542476306
